# JRE version: OpenJDK Runtime Environment (21.0.6) (build 21.0.6+-13391695-b895.109)
# Java VM: OpenJDK 64-Bit Server VM (21.0.6+-13391695-b895.109, mixed mode, tiered, compressed oops, compressed class ptrs, g1 gc, windows-amd64)
GC Precious Log:
 CardTable entry size: 512
 Card Set container configuration: InlinePtr #cards 5 size 8 Array Of Cards #cards 12 size 40 Howl #buckets 4 coarsen threshold 1843 Howl Bitmap #cards 512 size 80 coarsen threshold 460 Card regions per heap region 1 cards per card region 2048
 CPUs: 16 total, 16 available
 Memory: 7915M
 Large Page Support: Disabled
 NUMA Support: Disabled
 Compressed Oops: Enabled (32-bit)
 Heap Region Size: 1M
 Heap Min Capacity: 8M
 Heap Initial Capacity: 124M
 Heap Max Capacity: 2G
 Pre-touch: Disabled
 Parallel Workers: 13
 Concurrent Workers: 3
 Concurrent Refinement Workers: 13
 Periodic GC: Disabled
Heap:
 garbage-first heap   total 250880K, used 190503K [0x0000000080000000, 0x0000000100000000)
  region size 1024K, 43 young (44032K), 8 survivors (8192K)
 Metaspace       used 112723K, committed 115072K, reserved 1179648K
  class space    used 15306K, committed 16512K, reserved 1048576K
GC Heap History (20 events):
Event: 16.215 GC heap before
{Heap before GC invocations=27 (full 0):
 garbage-first heap   total 207872K, used 201931K [0x0000000080000000, 0x0000000100000000)
  region size 1024K, 86 young (88064K), 5 survivors (5120K)
 Metaspace       used 77257K, committed 79168K, reserved 1179648K
  class space    used 10374K, committed 11328K, reserved 1048576K
}
Event: 16.226 GC heap after
{Heap after GC invocations=28 (full 0):
 garbage-first heap   total 215040K, used 125433K [0x0000000080000000, 0x0000000100000000)
  region size 1024K, 11 young (11264K), 11 survivors (11264K)
 Metaspace       used 77257K, committed 79168K, reserved 1179648K
  class space    used 10374K, committed 11328K, reserved 1048576K
}
Event: 18.527 GC heap before
{Heap before GC invocations=28 (full 0):
 garbage-first heap   total 215040K, used 189945K [0x0000000080000000, 0x0000000100000000)
  region size 1024K, 75 young (76800K), 11 survivors (11264K)
 Metaspace       used 84435K, committed 86400K, reserved 1179648K
  class space    used 11282K, committed 12288K, reserved 1048576K
}
Event: 18.578 GC heap after
{Heap after GC invocations=29 (full 0):
 garbage-first heap   total 215040K, used 128631K [0x0000000080000000, 0x0000000100000000)
  region size 1024K, 4 young (4096K), 4 survivors (4096K)
 Metaspace       used 84435K, committed 86400K, reserved 1179648K
  class space    used 11282K, committed 12288K, reserved 1048576K
}
Event: 20.808 GC heap before
{Heap before GC invocations=30 (full 0):
 garbage-first heap   total 222208K, used 202359K [0x0000000080000000, 0x0000000100000000)
  region size 1024K, 71 young (72704K), 4 survivors (4096K)
 Metaspace       used 88698K, committed 90816K, reserved 1179648K
  class space    used 11817K, committed 12864K, reserved 1048576K
}
Event: 20.817 GC heap after
{Heap after GC invocations=31 (full 0):
 garbage-first heap   total 222208K, used 134610K [0x0000000080000000, 0x0000000100000000)
  region size 1024K, 9 young (9216K), 9 survivors (9216K)
 Metaspace       used 88698K, committed 90816K, reserved 1179648K
  class space    used 11817K, committed 12864K, reserved 1048576K
}
Event: 24.129 GC heap before
{Heap before GC invocations=31 (full 0):
 garbage-first heap   total 222208K, used 203218K [0x0000000080000000, 0x0000000100000000)
  region size 1024K, 73 young (74752K), 9 survivors (9216K)
 Metaspace       used 94910K, committed 97024K, reserved 1179648K
  class space    used 12629K, committed 13696K, reserved 1048576K
}
Event: 24.141 GC heap after
{Heap after GC invocations=32 (full 0):
 garbage-first heap   total 222208K, used 140088K [0x0000000080000000, 0x0000000100000000)
  region size 1024K, 4 young (4096K), 4 survivors (4096K)
 Metaspace       used 94910K, committed 97024K, reserved 1179648K
  class space    used 12629K, committed 13696K, reserved 1048576K
}
Event: 25.754 GC heap before
{Heap before GC invocations=32 (full 0):
 garbage-first heap   total 222208K, used 204600K [0x0000000080000000, 0x0000000100000000)
  region size 1024K, 67 young (68608K), 4 survivors (4096K)
 Metaspace       used 96981K, committed 99072K, reserved 1179648K
  class space    used 12946K, committed 14016K, reserved 1048576K
}
Event: 25.765 GC heap after
{Heap after GC invocations=33 (full 0):
 garbage-first heap   total 222208K, used 142551K [0x0000000080000000, 0x0000000100000000)
  region size 1024K, 6 young (6144K), 6 survivors (6144K)
 Metaspace       used 96981K, committed 99072K, reserved 1179648K
  class space    used 12946K, committed 14016K, reserved 1048576K
}
Event: 30.169 GC heap before
{Heap before GC invocations=34 (full 0):
 garbage-first heap   total 239616K, used 202967K [0x0000000080000000, 0x0000000100000000)
  region size 1024K, 64 young (65536K), 6 survivors (6144K)
 Metaspace       used 101350K, committed 103552K, reserved 1179648K
  class space    used 13581K, committed 14720K, reserved 1048576K
}
Event: 30.179 GC heap after
{Heap after GC invocations=35 (full 0):
 garbage-first heap   total 239616K, used 144487K [0x0000000080000000, 0x0000000100000000)
  region size 1024K, 5 young (5120K), 5 survivors (5120K)
 Metaspace       used 101350K, committed 103552K, reserved 1179648K
  class space    used 13581K, committed 14720K, reserved 1048576K
}
Event: 32.442 GC heap before
{Heap before GC invocations=35 (full 0):
 garbage-first heap   total 239616K, used 220263K [0x0000000080000000, 0x0000000100000000)
  region size 1024K, 79 young (80896K), 5 survivors (5120K)
 Metaspace       used 106796K, committed 109056K, reserved 1179648K
  class space    used 14467K, committed 15616K, reserved 1048576K
}
Event: 32.451 GC heap after
{Heap after GC invocations=36 (full 0):
 garbage-first heap   total 239616K, used 146716K [0x0000000080000000, 0x0000000100000000)
  region size 1024K, 8 young (8192K), 8 survivors (8192K)
 Metaspace       used 106796K, committed 109056K, reserved 1179648K
  class space    used 14467K, committed 15616K, reserved 1048576K
}
Event: 32.833 GC heap before
{Heap before GC invocations=36 (full 0):
 garbage-first heap   total 239616K, used 155932K [0x0000000080000000, 0x0000000100000000)
  region size 1024K, 18 young (18432K), 8 survivors (8192K)
 Metaspace       used 107755K, committed 110016K, reserved 1179648K
  class space    used 14595K, committed 15744K, reserved 1048576K
}
Event: 32.843 GC heap after
{Heap after GC invocations=37 (full 0):
 garbage-first heap   total 239616K, used 147147K [0x0000000080000000, 0x0000000100000000)
  region size 1024K, 6 young (6144K), 6 survivors (6144K)
 Metaspace       used 107755K, committed 110016K, reserved 1179648K
  class space    used 14595K, committed 15744K, reserved 1048576K
}
Event: 43.199 GC heap before
{Heap before GC invocations=38 (full 0):
 garbage-first heap   total 250880K, used 219851K [0x0000000080000000, 0x0000000100000000)
  region size 1024K, 76 young (77824K), 6 survivors (6144K)
 Metaspace       used 112720K, committed 115072K, reserved 1179648K
  class space    used 15306K, committed 16512K, reserved 1048576K
}
Event: 43.217 GC heap after
{Heap after GC invocations=39 (full 0):
 garbage-first heap   total 250880K, used 154097K [0x0000000080000000, 0x0000000100000000)
  region size 1024K, 10 young (10240K), 10 survivors (10240K)
 Metaspace       used 112720K, committed 115072K, reserved 1179648K
  class space    used 15306K, committed 16512K, reserved 1048576K
}
Event: 45.176 GC heap before
{Heap before GC invocations=39 (full 0):
 garbage-first heap   total 250880K, used 225777K [0x0000000080000000, 0x0000000100000000)
  region size 1024K, 81 young (82944K), 10 survivors (10240K)
 Metaspace       used 112720K, committed 115072K, reserved 1179648K
  class space    used 15306K, committed 16512K, reserved 1048576K
}
Event: 45.392 GC heap after
{Heap after GC invocations=40 (full 0):
 garbage-first heap   total 250880K, used 155687K [0x0000000080000000, 0x0000000100000000)
  region size 1024K, 8 young (8192K), 8 survivors (8192K)
 Metaspace       used 112720K, committed 115072K, reserved 1179648K
  class space    used 15306K, committed 16512K, reserved 1048576K
}

